2016-10-09 09:58:01 | ::1 | /phpk8/index.php |[错误代码：2]Missing argument 1 for Core\Controller::__construct(), called in /Users/tangtao/Sites/phpk8/frame/Core/Core.class.php on line 93 and defined
2016-10-09 09:58:21 | ::1 | /phpk8/index.php |[错误代码：2]Missing argument 1 for Core\Controller::__construct(), called in /Users/tangtao/Sites/phpk8/frame/Core/Core.class.php on line 93 and defined
2016-10-09 10:01:22 | ::1 | /phpk8/index.php |[错误代码：2]Missing argument 1 for Core\Controller::__construct(), called in /Users/tangtao/Sites/phpk8/frame/Core/Core.class.php on line 93 and defined
2016-10-09 10:17:24 | ::1 | /phpk8/index.php |[错误代码：2]Missing argument 1 for Core\Controller::__construct(), called in /Users/tangtao/Sites/phpk8/frame/Core/Core.class.php on line 93 and defined
2016-10-09 10:17:45 | ::1 | /phpk8/index.php |[错误代码：2]Missing argument 1 for Core\Controller::__construct(), called in /Users/tangtao/Sites/phpk8/frame/Core/Core.class.php on line 93 and defined
2016-10-09 10:18:18 | ::1 | /phpk8/index.php |[错误代码：2]Missing argument 1 for Core\Controller::__construct(), called in /Users/tangtao/Sites/phpk8/frame/Core/Core.class.php on line 93 and defined
2016-10-09 10:19:10 | ::1 | /phpk8/index.php |[错误代码：2]Missing argument 1 for Core\Controller::__construct(), called in /Users/tangtao/Sites/phpk8/frame/Core/Core.class.php on line 93 and defined
2016-10-09 10:19:13 | ::1 | /phpk8/index.php |[错误代码：2]Missing argument 1 for Core\Controller::__construct(), called in /Users/tangtao/Sites/phpk8/frame/Core/Core.class.php on line 93 and defined
2016-10-09 10:20:05 | ::1 | /phpk8/index.php |[错误代码：2]Missing argument 1 for Core\Controller::__construct(), called in /Users/tangtao/Sites/phpk8/frame/Core/Core.class.php on line 93 and defined
2016-10-09 10:20:41 | ::1 | /phpk8/index.php |[错误代码：2]Missing argument 1 for Core\Controller::__construct(), called in /Users/tangtao/Sites/phpk8/frame/Core/Core.class.php on line 93 and defined
2016-10-09 10:20:52 | ::1 | /phpk8/index.php |[错误代码：2]Missing argument 1 for Core\Controller::__construct(), called in /Users/tangtao/Sites/phpk8/frame/Core/Core.class.php on line 93 and defined
2016-10-09 10:21:21 | ::1 | /phpk8/index.php |[错误代码：2]Missing argument 1 for Core\Controller::__construct(), called in /Users/tangtao/Sites/phpk8/frame/Core/Core.class.php on line 93 and defined
2016-10-09 10:21:24 | ::1 | /phpk8/index.php |[错误代码：2]Missing argument 1 for Core\Controller::__construct(), called in /Users/tangtao/Sites/phpk8/frame/Core/Core.class.php on line 93 and defined
2016-10-09 11:01:53 | ::1 | /phpk8/index.php |[错误代码：2]extract() expects parameter 1 to be array, null given
2016-10-09 11:02:11 | ::1 | /phpk8/index.php |[错误代码：8]Undefined variable: aaa
2016-10-09 11:02:21 | ::1 | /phpk8/index.php |[错误代码：2]include(/index/index.php): failed to open stream: No such file or directory
2016-10-09 11:03:00 | ::1 | /phpk8/index.php |[错误代码：2]include(/index/index.php): failed to open stream: No such file or directory
2016-10-09 11:10:03 | ::1 | /phpk8/index.php |[错误代码：2]include(/index/index.php): failed to open stream: No such file or directory
2016-10-09 11:14:14 | ::1 | /phpk8/index.php |[错误代码：2]include(./view//index/index.php): failed to open stream: No such file or directory
2016-10-09 11:14:40 | ::1 | /phpk8/index.php |[错误代码：2]include(./view//index/index.php): failed to open stream: No such file or directory
2016-10-09 11:15:16 | ::1 | /phpk8/index.php |[错误代码：2]include(./view/index/index.php): failed to open stream: No such file or directory
2016-10-09 11:15:28 | ::1 | /phpk8/index.php |[错误代码：2]include(./view/index-index.php): failed to open stream: No such file or directory
2016-10-09 11:15:33 | ::1 | /phpk8/index.php |[错误代码：2]include(./view/index-index.php): failed to open stream: No such file or directory
2016-10-09 11:16:57 | ::1 | /phpk8/index.php |[错误代码：2]include(./view/Index-index.php): failed to open stream: No such file or directory
2016-10-09 11:22:52 | ::1 | /phpk8/index.php |[错误代码：8]Use of undefined constant falskdfjasldfkjasdlkfjasdl - assumed 'falskdfjasldfkjasdlkfjasdl'
2016-10-09 12:55:15 | ::1 | /phpk8/index.php |[错误代码：8]Undefined index: TPL_THEME_NAME
2016-10-09 13:35:02 | ::1 | /phpk8/index.php |[错误代码：8]Undefined property: Core\View::$config
2016-10-09 13:35:53 | ::1 | /phpk8/index.php |[错误代码：8]Undefined property: Core\View::$config
2016-10-09 13:45:19 | ::1 | /phpk8/index.php |[错误代码：8]Undefined property: Driver\Tpl\Normal::$tpl_config
2016-10-09 13:59:53 | ::1 | /phpk8/index.php |[错误代码：8192]preg_replace(): The /e modifier is deprecated, use preg_replace_callback instead
2016-10-09 14:00:36 | ::1 | /phpk8/index.php |[错误代码：8192]preg_replace(): The /e modifier is deprecated, use preg_replace_callback instead
2016-10-09 14:01:00 | ::1 | /phpk8/index.php |[错误代码：8192]preg_replace(): The /e modifier is deprecated, use preg_replace_callback instead
2016-10-09 14:01:40 | ::1 | /phpk8/index.php |[错误代码：8192]preg_replace(): The /e modifier is deprecated, use preg_replace_callback instead
2016-10-09 14:01:58 | ::1 | /phpk8/index.php |[错误代码：8192]preg_replace(): The /e modifier is deprecated, use preg_replace_callback instead
2016-10-09 14:05:33 | ::1 | /phpk8/index.php |[错误代码：8192]preg_replace(): The /e modifier is deprecated, use preg_replace_callback instead
2016-10-09 14:12:10 | ::1 | /phpk8/index.php |[错误代码：8]Undefined variable: template
2016-10-09 14:12:22 | ::1 | /phpk8/index.php |[错误代码：2]preg_replace_callback(): Requires argument 2, '&lt;?php echo $1; ?&gt;', to be a valid callback
2016-10-09 14:15:53 | ::1 | /phpk8/index.php |[错误代码：2]preg_replace_callback(): Requires argument 2, '&lt;?php echo $1; ?&gt;', to be a valid callback
2016-10-09 14:17:39 | ::1 | /phpk8/index.php |[错误代码：8192]preg_replace(): The /e modifier is deprecated, use preg_replace_callback instead
2016-10-09 14:17:57 | ::1 | /phpk8/index.php |[错误代码：2]preg_replace_callback(): Requires argument 2, 'Array', to be a valid callback
2016-10-09 14:20:38 | ::1 | /phpk8/index.php |[错误代码：2]preg_replace_callback(): Modifier /e cannot be used with replacement callback
2016-10-09 14:22:58 | ::1 | /phpk8/index.php |[错误代码：2]preg_replace_callback(): Requires argument 2, 'Array', to be a valid callback
2016-10-09 14:23:24 | ::1 | /phpk8/index.php |[错误代码：2]preg_replace_callback(): Modifier /e cannot be used with replacement callback
2016-10-09 14:35:40 | ::1 | /phpk8/index.php |[错误代码：2]preg_replace_callback(): Modifier /e cannot be used with replacement callback
2016-10-09 14:35:43 | ::1 | /phpk8/index.php |[错误代码：2]preg_replace_callback(): Modifier /e cannot be used with replacement callback
2016-10-09 14:35:58 | ::1 | /phpk8/index.php |[错误代码：2]preg_replace_callback(): Modifier /e cannot be used with replacement callback
2016-10-09 14:37:06 | ::1 | /phpk8/index.php |[错误代码：8192]preg_replace(): The /e modifier is deprecated, use preg_replace_callback instead
2016-10-09 14:45:47 | ::1 | /phpk8/index.php |[错误代码：8192]preg_replace(): The /e modifier is deprecated, use preg_replace_callback instead
2016-10-09 15:27:51 | ::1 | /phpk8/index.php |[错误代码：8192]preg_replace(): The /e modifier is deprecated, use preg_replace_callback instead
2016-10-09 15:34:08 | ::1 | /phpk8/index.php |[错误代码：8192]preg_replace(): The /e modifier is deprecated, use preg_replace_callback instead
2016-10-09 15:40:44 | ::1 | /phpk8/index.php |[错误代码：8192]preg_replace(): The /e modifier is deprecated, use preg_replace_callback instead
2016-10-09 15:40:56 | ::1 | /phpk8/index.php |[错误代码：8192]preg_replace(): The /e modifier is deprecated, use preg_replace_callback instead
2016-10-09 15:41:08 | ::1 | /phpk8/index.php |[错误代码：2]file_put_contents(template_c/app/home/view/Index-index.php.php): failed to open stream: No such file or directory
2016-10-09 15:46:00 | ::1 | /phpk8/index.php |[错误代码：2]file_put_contents(template_c/app/home/view/Index-index.php.php): failed to open stream: No such file or directory
2016-10-09 15:58:01 | ::1 | /phpk8/index.php |[错误代码：8]Undefined variable: fileName
2016-10-09 16:08:20 | ::1 | /phpk8/index.php |[错误代码：8]Undefined variable: aaa
2016-10-09 16:12:17 | ::1 | /phpk8/index.php |[错误代码：2]date() expects at least 1 parameter, 0 given
2016-10-09 16:35:13 | ::1 | /phpk8/index.php |[错误代码：8]Undefined variable: thsi
2016-10-09 16:50:10 | ::1 | /phpk8/index.php |[错误代码：8]Undefined variable: v
2016-10-09 16:58:41 | ::1 | /phpk8/index.php |[错误代码：8]Undefined variable: test
2016-10-09 17:32:09 | ::1 | /phpk8/index.php |[错误代码：2]file_get_contents(Index-index.html): failed to open stream: No such file or directory
2016-10-09 17:33:14 | ::1 | /phpk8/index.php |[错误代码：8]Undefined variable: template
2016-10-09 17:39:26 | ::1 | /phpk8/index.php |[错误代码：2]include(&lt;b&gt;变量：&lt;/b&gt;&lt;br&gt;
&lt;?php echo $aaa; ?&gt;
&lt;hr/&gt;
&lt;b&gt;loop：&lt;/b&gt;&lt;br/&gt;
&lt;?php $n=1; if(is_array($arr)) foreach($arr AS $k =&gt; $v) { ?&gt;
&lt;?php echo $v; ?&gt;
&lt;?php $n++;}unset($n); ?&gt;
&lt;hr&gt;
&lt;b&gt;eval函数：&lt;/b&gt;&lt;br&gt;
&lt;?php echo time();?&gt;
&lt;hr/&gt;
&lt;b&gt;for：&lt;/b&gt;&lt;br&gt;
&lt;?php for($a=0;$a&lt;=10;$a++) { ?&gt;
&lt;?php echo $a; ?&gt;
&lt;?php } ?&gt;
&lt;hr/&gt;
&lt;b&gt;if：&lt;/b&gt;&lt;br&gt;
&lt;?php if($test == 2) { ?&gt;
no
&lt;?php } elseif ($test == 1) { ?&gt;
yes
&lt;?php } ?&gt;
&lt;hr/&gt;
&lt;b&gt;include包含模板&lt;/b&gt;  &lt;br&gt;
$this-&gt;display('test.php')
): failed to open stream: No such file or directory
2016-10-09 17:46:34 | ::1 | /phpk8/index.php |[错误代码：2]preg_replace_callback(): Requires argument 2, '$this-&gt;display('$1')', to be a valid callback
2016-10-09 17:46:49 | ::1 | /phpk8/index.php |[错误代码：2]file_get_contents($1): failed to open stream: No such file or directory
2016-10-09 17:47:29 | ::1 | /phpk8/index.php |[错误代码：2]file_get_contents($1): failed to open stream: No such file or directory
2016-10-09 17:48:35 | ::1 | /phpk8/index.php |[错误代码：8]Undefined variable: match
2016-10-09 17:49:09 | ::1 | /phpk8/index.php |[错误代码：2]md5() expects parameter 1 to be string, array given
2016-10-09 17:49:33 | ::1 | /phpk8/index.php |[错误代码：2]md5() expects parameter 1 to be string, array given
2016-10-09 17:49:57 | ::1 | /phpk8/index.php |[错误代码：2]md5() expects parameter 1 to be string, array given
2016-10-09 17:50:47 | ::1 | /phpk8/index.php |[错误代码：2]file_get_contents(test.php): failed to open stream: No such file or directory
2016-10-09 17:50:57 | ::1 | /phpk8/index.php |[错误代码：2]file_get_contents(test): failed to open stream: No such file or directory
2016-10-09 17:51:30 | ::1 | /phpk8/index.php |[错误代码：2]file_get_contents(test): failed to open stream: No such file or directory
2016-10-09 17:51:49 | ::1 | /phpk8/index.php |[错误代码：2]file_get_contents(test): failed to open stream: No such file or directory
2016-10-09 17:54:35 | ::1 | /phpk8/index.php |[错误代码：2]file_get_contents(test): failed to open stream: No such file or directory
2016-10-09 17:55:10 | ::1 | /phpk8/index.php |[错误代码：2]file_get_contents(app/home/view/test): failed to open stream: No such file or directory
2016-10-09 17:56:16 | ::1 | /phpk8/index.php |[错误代码：2]file_get_contents(app/home/view/Index-test.html): failed to open stream: No such file or directory
