2017-01-04 12:37:45 | ::1 | /phpk8/index.php |[错误代码：2]mkdir(): Invalid path
2017-01-04 12:38:39 | ::1 | /phpk8/index.php |[错误代码：2]mkdir(): Invalid path
2017-01-04 12:38:43 | ::1 | /phpk8/index.php |[错误代码：2]mkdir(): Invalid path
2017-01-04 12:56:17 | ::1 | /phpk8/index.php |[错误代码：2]mkdir(): Invalid path
2017-01-04 12:56:59 | ::1 | /phpk8/index.php |[错误代码：8]Undefined variable: res
2017-01-04 12:57:57 | ::1 | /phpk8/index.php |[错误代码：8]Undefined variable: res
2017-01-04 12:58:17 | ::1 | /phpk8/index.php |[错误代码：8]Undefined variable: upload_dir
2017-01-04 12:58:53 | ::1 | /phpk8/index.php |[错误代码：2]mkdir(): Permission denied
2017-01-04 12:59:16 | ::1 | /phpk8/index.php |[错误代码：2]mkdir(): Permission denied
2017-01-04 12:59:21 | ::1 | /phpk8/index.php |[错误代码：2]mkdir(): Permission denied
2017-01-04 13:00:34 | ::1 | /phpk8/index.php |[错误代码：2]mkdir(): Permission denied
2017-01-04 13:01:58 | ::1 | /phpk8/index.php |[错误代码：8]Undefined property: Library\Upload::$zipImags
2017-01-04 13:34:12 | ::1 | /phpk8/index.php |[错误代码：8]Use of undefined constant uniqid_md5 - assumed 'uniqid_md5'
2017-01-04 13:50:58 | ::1 | /phpk8/index.php |[错误代码：8]Undefined variable: aaa
2017-01-04 13:54:53 | ::1 | /phpk8/index.php |[错误代码：8]Undefined variable: model
2017-01-04 13:56:52 | ::1 | /phpk8/index.php |[错误代码：8]Undefined property: Driver\Db\Mysqli::$bind_sql
2017-01-04 13:57:48 | ::1 | /phpk8/index.php |[错误代码：8]Undefined property: Driver\Db\Mysqli::$bind_sql
2017-01-04 13:57:50 | ::1 | /phpk8/index.php |[错误代码：8]Undefined property: Driver\Db\Mysqli::$bind_sql
2017-01-04 13:58:49 | ::1 | /phpk8/index.php |[错误代码：8]Undefined variable: data
2017-01-04 13:59:13 | ::1 | /phpk8/index.php |[错误代码：8]Undefined variable: data
2017-01-04 14:03:27 | ::1 | /phpk8/index.php |[错误代码：2]Missing argument 1 for Table(), called in /Users/tangtao/Sites/phpk8/app/home/controller/IndexController.class.php on line 21 and defined
2017-01-04 14:04:13 | ::1 | /phpk8/index.php |[错误代码：2]Missing argument 1 for Model(), called in /Users/tangtao/Sites/phpk8/app/home/controller/IndexController.class.php on line 21 and defined
2017-01-04 14:04:16 | ::1 | /phpk8/index.php |[错误代码：2]Missing argument 1 for Model(), called in /Users/tangtao/Sites/phpk8/app/home/controller/IndexController.class.php on line 21 and defined
2017-01-04 14:04:27 | ::1 | /phpk8/index.php |[错误代码：2]Missing argument 1 for Core\Model::__construct(), called in /Users/tangtao/Sites/phpk8/frame/Function/core.func.php on line 24 and defined
2017-01-04 14:04:30 | ::1 | /phpk8/index.php |[错误代码：2]Missing argument 1 for Core\Model::__construct(), called in /Users/tangtao/Sites/phpk8/frame/Function/core.func.php on line 24 and defined
2017-01-04 14:14:14 | ::1 | /phpk8/index.php |[错误代码：2]Missing argument 1 for Core\Model::limit(), called in /Users/tangtao/Sites/phpk8/app/home/controller/IndexController.class.php on line 23 and defined
2017-01-04 14:18:02 | ::1 | /phpk8/index.php |[错误代码：8]Undefined variable: condition
2017-01-04 14:21:04 | ::1 | /phpk8/index.php |[错误代码：8]Undefined index: p
2017-01-04 14:22:45 | ::1 | /phpk8/index.php |[错误代码：8]Undefined index: p
2017-01-04 14:22:47 | ::1 | /phpk8/index.php |[错误代码：8]Undefined index: p
2017-01-04 14:22:50 | ::1 | /phpk8/index.php |[错误代码：8]Undefined index: p
2017-01-04 14:31:24 | ::1 | /phpk8/index.php |[错误代码：8]Undefined index: p
2017-01-04 14:35:50 | ::1 | /phpk8/index.php |[错误代码：8]Undefined index: p
2017-01-04 14:36:04 | ::1 | /phpk8/index.php |[错误代码：8]Undefined index: p
2017-01-04 14:36:09 | ::1 | /phpk8/index.php |[错误代码：8]Undefined index: p
2017-01-04 14:36:20 | ::1 | /phpk8/index.php |[错误代码：8]Undefined index: p
2017-01-04 14:36:25 | ::1 | /phpk8/index.php |[错误代码：8]Undefined index: p
2017-01-04 14:41:05 | ::1 | /phpk8/index.php |[错误代码：8]Undefined variable: v
2017-01-04 15:27:37 | ::1 | /phpk8/index.php |[错误代码：8]Use of undefined constant IS_AJAX - assumed 'IS_AJAX'
2017-01-04 15:30:31 | ::1 | /phpk8/index.php |[错误代码：8]Undefined index: HTTP_REFERER
2017-01-04 15:41:46 | ::1 | /phpk8/index.php |[错误代码：8]Undefined index: HTTP_REFERER
2017-01-04 15:42:28 | ::1 | /phpk8/index.php |[错误代码：8]Undefined index: HTTP_REFERER
2017-01-04 15:42:37 | ::1 | /phpk8/index.php |[错误代码：8]Undefined index: HTTP_REFERER
2017-01-04 15:42:48 | ::1 | /phpk8/index.php |[错误代码：8]Undefined index: HTTP_REFERER
2017-01-04 15:52:11 | ::1 | /phpk8/index.php |[错误代码：8]Undefined variable: aaa
2017-01-04 16:09:05 | ::1 | /phpk8/index.php |[错误代码：2]include_once(/Users/tangtao/Sites/phpk8/frame/Static/success.php): failed to open stream: No such file or directory
2017-01-04 10:04:22 | ::1 | /phpk8/index.php |[错误代码：2]set_error_handler() expects the argument (Error::error_handle) to be a valid callback
2017-01-04 17:07:59 | ::1 | /phpk8/index.php |[错误代码：2]Missing argument 1 for Core\Error::error_handle()
2017-01-04 17:08:47 | ::1 | /phpk8/index.php |[错误代码：2]Missing argument 1 for Core\Error::error_handle()
2017-01-04 17:22:20 | ::1 | /phpk8/index.php |[错误代码：2]Missing argument 1 for Core\Error::error_handle()
2017-01-04 17:29:47 | ::1 | /phpk8/index.php |[错误代码：8]Undefined variable: error
