2017-01-03 18:12:53 | ::1 | /phpk8/index.php |[错误代码：2]imagettftext(): Could not find/open font
2017-01-03 18:13:32 | ::1 | /phpk8/index.php |[错误代码：2]imagettftext(): Could not find/open font
2017-01-03 18:13:34 | ::1 | /phpk8/index.php |[错误代码：2]imagettftext(): Could not find/open font
2017-01-03 18:14:17 | ::1 | /phpk8/index.php |[错误代码：2]imagettftext(): Could not find/open font
2017-01-03 18:14:23 | ::1 | /phpk8/index.php |[错误代码：2]imagettftext(): Could not find/open font
2017-01-03 18:14:25 | ::1 | /phpk8/index.php |[错误代码：2]imagettftext(): Could not find/open font
2017-01-03 18:14:33 | ::1 | /phpk8/index.php |[错误代码：2]imagettftext(): Could not find/open font
2017-01-03 18:14:35 | ::1 | /phpk8/index.php |[错误代码：2]imagettftext(): Could not find/open font
2017-01-03 18:15:49 | ::1 | /phpk8/index.php |[错误代码：8]Undefined variable: vc
2017-01-03 18:16:04 | ::1 | /phpk8/index.php |[错误代码：8]Undefined variable: vc
2017-01-03 18:16:06 | ::1 | /phpk8/index.php |[错误代码：8]Undefined variable: vc
2017-01-03 18:16:08 | ::1 | /phpk8/index.php |[错误代码：8]Undefined variable: vc
2017-01-03 18:16:10 | ::1 | /phpk8/index.php |[错误代码：8]Undefined variable: vc
2017-01-03 18:16:12 | ::1 | /phpk8/index.php |[错误代码：8]Undefined variable: vc
2017-01-03 18:16:14 | ::1 | /phpk8/index.php |[错误代码：8]Undefined variable: vc
2017-01-03 18:16:16 | ::1 | /phpk8/index.php |[错误代码：8]Undefined variable: vc
2017-01-03 18:16:18 | ::1 | /phpk8/index.php |[错误代码：8]Undefined variable: vc
2017-01-03 18:16:20 | ::1 | /phpk8/index.php |[错误代码：8]Undefined variable: vc
2017-01-03 18:16:23 | ::1 | /phpk8/index.php |[错误代码：8]Undefined variable: vc
2017-01-03 18:16:25 | ::1 | /phpk8/index.php |[错误代码：8]Undefined variable: vc
2017-01-03 18:16:27 | ::1 | /phpk8/index.php |[错误代码：8]Undefined variable: vc
2017-01-03 18:16:30 | ::1 | /phpk8/index.php |[错误代码：8]Undefined variable: vc
2017-01-03 18:16:32 | ::1 | /phpk8/index.php |[错误代码：8]Undefined variable: vc
2017-01-03 18:16:34 | ::1 | /phpk8/index.php |[错误代码：8]Undefined variable: vc
2017-01-03 18:16:50 | ::1 | /phpk8/index.php |[错误代码：8]Undefined variable: vc
2017-01-03 18:16:52 | ::1 | /phpk8/index.php |[错误代码：8]Undefined variable: vc
2017-01-03 18:17:09 | ::1 | /phpk8/index.php |[错误代码：8]Undefined variable: _SESSION
2017-01-03 18:17:20 | ::1 | /phpk8/index.php |[错误代码：8]Undefined variable: _SESSION
2017-01-03 18:17:35 | ::1 | /phpk8/index.php |[错误代码：8]Undefined variable: _SESSION
2017-01-03 18:17:37 | ::1 | /phpk8/index.php |[错误代码：8]Undefined variable: _SESSION
2017-01-03 18:17:47 | ::1 | /phpk8/index.php |[错误代码：8]Undefined variable: _SESSION
2017-01-03 18:18:01 | ::1 | /phpk8/index.php |[错误代码：8]Undefined variable: _SESSION
2017-01-03 18:18:01 | ::1 | /phpk8/index.php |[错误代码：8]Undefined variable: vc
2017-01-03 18:18:04 | ::1 | /phpk8/index.php |[错误代码：8]Undefined variable: _SESSION
2017-01-03 18:18:04 | ::1 | /phpk8/index.php |[错误代码：8]Undefined variable: vc
2017-01-03 18:18:07 | ::1 | /phpk8/index.php |[错误代码：8]Undefined variable: _SESSION
2017-01-03 18:18:07 | ::1 | /phpk8/index.php |[错误代码：8]Undefined variable: vc
2017-01-03 18:18:09 | ::1 | /phpk8/index.php |[错误代码：8]Undefined variable: _SESSION
2017-01-03 18:18:09 | ::1 | /phpk8/index.php |[错误代码：8]Undefined variable: vc
2017-01-03 18:18:22 | ::1 | /phpk8/index.php |[错误代码：8]Undefined variable: _SESSION
2017-01-03 18:18:22 | ::1 | /phpk8/index.php |[错误代码：8]Undefined variable: vc
2017-01-03 18:18:25 | ::1 | /phpk8/index.php |[错误代码：8]Undefined variable: _SESSION
2017-01-03 18:18:25 | ::1 | /phpk8/index.php |[错误代码：8]Undefined variable: vc
2017-01-03 18:18:27 | ::1 | /phpk8/index.php |[错误代码：8]Undefined variable: _SESSION
2017-01-03 18:18:27 | ::1 | /phpk8/index.php |[错误代码：8]Undefined variable: vc
2017-01-03 18:18:30 | ::1 | /phpk8/index.php |[错误代码：8]Undefined variable: vc
2017-01-03 18:19:29 | ::1 | /phpk8/index.php |[错误代码：8]Undefined variable: _SESSION
2017-01-03 18:19:29 | ::1 | /phpk8/index.php |[错误代码：8]Undefined variable: vc
2017-01-03 18:20:05 | ::1 | /phpk8/index.php |[错误代码：8]A session had already been started - ignoring session_start()
2017-01-03 18:20:08 | ::1 | /phpk8/index.php |[错误代码：8]A session had already been started - ignoring session_start()
2017-01-03 18:20:18 | ::1 | /phpk8/index.php |[错误代码：8]A session had already been started - ignoring session_start()
2017-01-03 18:20:25 | ::1 | /phpk8/index.php |[错误代码：8]A session had already been started - ignoring session_start()
2017-01-03 18:20:28 | ::1 | /phpk8/index.php |[错误代码：8]A session had already been started - ignoring session_start()
2017-01-03 18:20:43 | ::1 | /phpk8/index.php |[错误代码：8]Undefined variable: vc
2017-01-03 18:20:47 | ::1 | /phpk8/index.php |[错误代码：8]Undefined variable: vc
2017-01-03 18:21:02 | ::1 | /phpk8/index.php |[错误代码：8]Undefined variable: vc
2017-01-03 18:21:13 | ::1 | /phpk8/index.php |[错误代码：8]Undefined variable: vc
2017-01-03 18:21:15 | ::1 | /phpk8/index.php |[错误代码：8]Undefined variable: vc
2017-01-03 18:21:17 | ::1 | /phpk8/index.php |[错误代码：8]Undefined variable: vc
2017-01-03 18:21:18 | ::1 | /phpk8/index.php |[错误代码：8]Undefined variable: vc
2017-01-03 18:25:28 | ::1 | /phpk8/index.php |[错误代码：8]Undefined index: value
